
> sync-space@0.1.0 lint
> eslint --no-color


C:\Users\ABHAY\top 1\sync-space\src\app\(dashboard)\dashboard\page.tsx
  14:5  warning  'Settings' is defined but never used  @typescript-eslint/no-unused-vars

C:\Users\ABHAY\top 1\sync-space\src\app\login\page.tsx
  105:28  error  `'` can be escaped with `&apos;`, `&lsquo;`, `&#39;`, `&rsquo;`  react/no-unescaped-entities

C:\Users\ABHAY\top 1\sync-space\src\app\signup\page.tsx
    4:21   warning  'CheckCircle2' is defined but never used                         @typescript-eslint/no-unused-vars
  115:33   error    `"` can be escaped with `&quot;`, `&ldquo;`, `&#34;`, `&rdquo;`  react/no-unescaped-entities
  115:162  error    `"` can be escaped with `&quot;`, `&ldquo;`, `&#34;`, `&rdquo;`  react/no-unescaped-entities

C:\Users\ABHAY\top 1\sync-space\src\components\dashboard\CommandPalette.tsx
  3:21  warning  'useState' is defined but never used  @typescript-eslint/no-unused-vars
  5:10  warning  'Command' is defined but never used   @typescript-eslint/no-unused-vars

C:\Users\ABHAY\top 1\sync-space\src\components\dashboard\Header.tsx
  3:91  warning  'Check' is defined but never used      @typescript-eslint/no-unused-vars
  3:98  warning  'X' is defined but never used          @typescript-eslint/no-unused-vars
  5:10  warning  'toast' is defined but never used      @typescript-eslint/no-unused-vars
  6:20  warning  'useRef' is defined but never used     @typescript-eslint/no-unused-vars
  6:28  warning  'useEffect' is defined but never used  @typescript-eslint/no-unused-vars

C:\Users\ABHAY\top 1\sync-space\src\components\dashboard\Sidebar.tsx
  30:86  error  `'` can be escaped with `&apos;`, `&lsquo;`, `&#39;`, `&rsquo;`  react/no-unescaped-entities
  69:73  error  Unexpected any. Specify a different type                         @typescript-eslint/no-explicit-any

C:\Users\ABHAY\top 1\sync-space\src\components\landing\HeroDashboard.tsx
  4:10  warning  'useEffect' is defined but never used  @typescript-eslint/no-unused-vars
  4:21  warning  'useState' is defined but never used   @typescript-eslint/no-unused-vars

C:\Users\ABHAY\top 1\sync-space\src\components\ui\AuroraBackground.tsx
  25:8  warning  React Hook useEffect has a missing dependency: 'color'. Either include it or remove the dependency array  react-hooks/exhaustive-deps

C:\Users\ABHAY\top 1\sync-space\src\components\ui\BentoGrid.tsx
  1:10  warning  'cn' is defined but never used  @typescript-eslint/no-unused-vars

C:\Users\ABHAY\top 1\sync-space\src\components\ui\ContainerScroll.tsx
  12:39  error  Unexpected any. Specify a different type  @typescript-eslint/no-explicit-any
  57:55  error  Unexpected any. Specify a different type  @typescript-eslint/no-explicit-any
  75:13  error  Unexpected any. Specify a different type  @typescript-eslint/no-explicit-any
  76:12  error  Unexpected any. Specify a different type  @typescript-eslint/no-explicit-any
  77:16  error  Unexpected any. Specify a different type  @typescript-eslint/no-explicit-any

C:\Users\ABHAY\top 1\sync-space\src\components\ui\TextGenerateEffect.tsx
  13:9  error  'wordsArray' is never reassigned. Use 'const' instead  prefer-const

C:\Users\ABHAY\top 1\sync-space\src\hooks\useSocket.ts
  23:9  error  Error: Calling setState synchronously within an effect can trigger cascading renders

Effects are intended to synchronize state between React and external systems such as manually updating the DOM, state management libraries, or other platform APIs. In general, the body of an effect should do one or both of the following:
* Update external systems with the latest state from React.
* Subscribe for updates from some external system, calling setState in a callback function when external state changes.

Calling setState synchronously within an effect body causes cascading renders that can hurt performance, and is not recommended. (https://react.dev/learn/you-might-not-need-an-effect).

C:\Users\ABHAY\top 1\sync-space\src\hooks\useSocket.ts:23:9
  21 |         const s = io(SOCKET_URL);
  22 |         socketRef.current = s;
> 23 |         setSocket(s);
     |         ^^^^^^^^^ Avoid calling setState() directly within an effect
  24 |
  25 |         // 2. Setup Event Listeners
  26 |         s.on("connect", () => {  react-hooks/set-state-in-effect

✖ 25 problems (12 errors, 13 warnings)
  1 error and 0 warnings potentially fixable with the `--fix` option.

